<?xml version="1.0" encoding="UTF-8"?>
<!-- Generated by org.testng.reporters.JUnitXMLReporter -->
<testsuite ignored="0" hostname="Yakesh" failures="0" tests="4" name="Default test" time="4.236" errors="0" timestamp="2023-01-19T23:56:03 IST">
  <testcase classname="com.tests.LoginPage" name="openBrowser" time="1.571"/>
  <testcase classname="com.tests.LoginPage" name="verifyTitle" time="0.012"/>
  <testcase classname="com.tests.LoginPage" name="verifyNewUSer" time="0.045"/>
  <testcase classname="com.tests.LoginPage" name="verifyLogin" time="2.56"/>
</testsuite> <!-- Default test -->
