<?xml version="1.0" encoding="UTF-8"?>
<!-- Generated by org.testng.reporters.JUnitXMLReporter -->
<testsuite hostname="Yakesh" ignored="0" name="Test" tests="4" failures="0" timestamp="19 Jan 2023 18:46:30 GMT" time="4.057" errors="0">
  <testcase name="openBrowser" time="1.544" classname="com.tests.LoginPage"/>
  <testcase name="verifyTitle" time="0.013" classname="com.tests.LoginPage"/>
  <testcase name="verifyNewUSer" time="0.046" classname="com.tests.LoginPage"/>
  <testcase name="verifyLogin" time="2.438" classname="com.tests.LoginPage"/>
</testsuite> <!-- Test -->
