<?xml version="1.0" encoding="UTF-8"?>
<!-- Generated by org.testng.reporters.JUnitXMLReporter -->
<testsuite hostname="Yakesh" ignored="0" name="Test" tests="3" failures="0" timestamp="20 Jan 2023 04:05:10 GMT" time="5.223" errors="0">
  <testcase name="verifyTitle" time="0.011" classname="com.tests.LoginPage"/>
  <testcase name="verifyNewUSer" time="0.037" classname="com.tests.LoginPage"/>
  <testcase name="verifyLogin" time="3.144" classname="com.tests.LoginPage"/>
</testsuite> <!-- Test -->
