<?xml version="1.0" encoding="UTF-8"?>
<testng-results skipped="0" failed="0" ignored="0" total="3" passed="3">
  <reporter-output>
  </reporter-output>
  <suite name="Suite" duration-ms="5223" started-at="2023-01-20T04:05:05Z" finished-at="2023-01-20T04:05:10Z">
    <groups>
    </groups>
    <test name="Test" duration-ms="5223" started-at="2023-01-20T04:05:05Z" finished-at="2023-01-20T04:05:10Z">
      <class name="com.tests.LoginPage">
        <test-method status="PASS" signature="openBrowser()[pri:0, instance:com.tests.LoginPage@64df9a61]" name="openBrowser" is-config="true" duration-ms="1848" started-at="2023-01-20T04:05:05Z" finished-at="2023-01-20T04:05:07Z">
          <reporter-output>
          </reporter-output>
        </test-method> <!-- openBrowser -->
        <test-method status="PASS" signature="verifyTitle()[pri:1, instance:com.tests.LoginPage@64df9a61]" name="verifyTitle" duration-ms="11" started-at="2023-01-20T04:05:07Z" finished-at="2023-01-20T04:05:07Z">
          <reporter-output>
          </reporter-output>
        </test-method> <!-- verifyTitle -->
        <test-method status="PASS" signature="verifyNewUSer()[pri:2, instance:com.tests.LoginPage@64df9a61]" name="verifyNewUSer" duration-ms="37" started-at="2023-01-20T04:05:07Z" finished-at="2023-01-20T04:05:07Z">
          <reporter-output>
          </reporter-output>
        </test-method> <!-- verifyNewUSer -->
        <test-method status="PASS" signature="verifyLogin()[pri:3, instance:com.tests.LoginPage@64df9a61]" name="verifyLogin" duration-ms="3144" started-at="2023-01-20T04:05:07Z" finished-at="2023-01-20T04:05:10Z">
          <reporter-output>
          </reporter-output>
        </test-method> <!-- verifyLogin -->
        <test-method status="PASS" signature="closeTheBrowser()[pri:0, instance:com.tests.LoginPage@64df9a61]" name="closeTheBrowser" is-config="true" duration-ms="166" started-at="2023-01-20T04:05:10Z" finished-at="2023-01-20T04:05:10Z">
          <reporter-output>
          </reporter-output>
        </test-method> <!-- closeTheBrowser -->
      </class> <!-- com.tests.LoginPage -->
    </test> <!-- Test -->
  </suite> <!-- Suite -->
</testng-results>
