<?xml version="1.0" encoding="UTF-8"?>
<testng-results ignored="0" total="4" passed="4" failed="0" skipped="0">
  <reporter-output>
  </reporter-output>
  <suite started-at="2023-01-19T23:55:59 IST" name="Default suite" finished-at="2023-01-19T23:56:03 IST" duration-ms="4236">
    <groups>
    </groups>
    <test started-at="2023-01-19T23:55:59 IST" name="Default test" finished-at="2023-01-19T23:56:03 IST" duration-ms="4236">
      <class name="com.tests.LoginPage">
        <test-method signature="openBrowser()[pri:0, instance:com.tests.LoginPage@27b000f7]" started-at="2023-01-19T23:55:59 IST" name="openBrowser" finished-at="2023-01-19T23:56:01 IST" duration-ms="1571" status="PASS">
          <reporter-output>
          </reporter-output>
        </test-method> <!-- openBrowser -->
        <test-method signature="verifyTitle()[pri:0, instance:com.tests.LoginPage@27b000f7]" started-at="2023-01-19T23:56:01 IST" name="verifyTitle" finished-at="2023-01-19T23:56:01 IST" duration-ms="12" status="PASS">
          <reporter-output>
          </reporter-output>
        </test-method> <!-- verifyTitle -->
        <test-method signature="verifyNewUSer()[pri:2, instance:com.tests.LoginPage@27b000f7]" started-at="2023-01-19T23:56:01 IST" name="verifyNewUSer" finished-at="2023-01-19T23:56:01 IST" duration-ms="45" status="PASS">
          <reporter-output>
          </reporter-output>
        </test-method> <!-- verifyNewUSer -->
        <test-method signature="verifyLogin()[pri:3, instance:com.tests.LoginPage@27b000f7]" started-at="2023-01-19T23:56:01 IST" name="verifyLogin" finished-at="2023-01-19T23:56:03 IST" duration-ms="2560" status="PASS">
          <reporter-output>
          </reporter-output>
        </test-method> <!-- verifyLogin -->
      </class> <!-- com.tests.LoginPage -->
    </test> <!-- Default test -->
  </suite> <!-- Default suite -->
</testng-results>
